#
# There is insufficient memory for the Java Runtime Environment to continue.
# Native memory allocation (malloc) failed to allocate 665136 bytes for Chunk::new
# Possible reasons:
#   The system is out of physical RAM or swap space
#   The process is running with CompressedOops enabled, and the Java Heap may be blocking the growth of the native heap
# Possible solutions:
#   Reduce memory load on the system
#   Increase physical memory or swap space
#   Check if swap backing store is full
#   Decrease Java heap size (-Xmx/-Xms)
#   Decrease number of Java threads
#   Decrease Java thread stack sizes (-Xss)
#   Set larger code cache with -XX:ReservedCodeCacheSize=
#   JVM is running with Unscaled Compressed Oops mode in which the Java heap is
#     placed in the first 4GB address space. The Java Heap base address is the
#     maximum limit for the native heap growth. Please use -XX:HeapBaseMinAddress
#     to set the Java Heap base and to place the Java Heap above 4GB virtual address.
# This output file may be truncated or incomplete.
#
#  Out of Memory Error (allocation.cpp:389), pid=17356, tid=0x0000000000002f7c
#
# JRE version: Java(TM) SE Runtime Environment (8.0_231-b11) (build 1.8.0_231-b11)
# Java VM: Java HotSpot(TM) 64-Bit Server VM (25.231-b11 mixed mode windows-amd64 compressed oops)
# Failed to write core dump. Minidumps are not enabled by default on client versions of Windows
#

---------------  T H R E A D  ---------------

Current thread (0x0000000015421000):  JavaThread "C2 CompilerThread1" daemon [_thread_in_native, id=12156, stack(0x0000000016b70000,0x0000000016c70000)]

Stack: [0x0000000016b70000,0x0000000016c70000]
[error occurred during error reporting (printing stack bounds), id 0xc0000005]

Native frames: (J=compiled Java code, j=interpreted, Vv=VM code, C=native code)


Current CompileTask:
C2:   2187 1258   !   4       java.lang.ClassLoader::loadClass (122 bytes)


---------------  P R O C E S S  ---------------

Java Threads: ( => current thread )
  0x0000000016d98800 JavaThread "Service Thread" daemon [_thread_blocked, id=14516, stack(0x0000000017170000,0x0000000017270000)]
  0x0000000015430000 JavaThread "C1 CompilerThread2" daemon [_thread_blocked, id=9364, stack(0x0000000016c70000,0x0000000016d70000)]
=>0x0000000015421000 JavaThread "C2 CompilerThread1" daemon [_thread_in_native, id=12156, stack(0x0000000016b70000,0x0000000016c70000)]
  0x000000001541d000 JavaThread "C2 CompilerThread0" daemon [_thread_blocked, id=13484, stack(0x0000000016a70000,0x0000000016b70000)]
  0x000000001541b800 JavaThread "Attach Listener" daemon [_thread_blocked, id=8480, stack(0x0000000016970000,0x0000000016a70000)]
  0x0000000015425000 JavaThread "Signal Dispatcher" daemon [_thread_blocked, id=13160, stack(0x0000000016870000,0x0000000016970000)]
  0x000000001540a800 JavaThread "Finalizer" daemon [_thread_blocked, id=5956, stack(0x0000000016670000,0x0000000016770000)]
  0x00000000153e9000 JavaThread "Reference Handler" daemon [_thread_blocked, id=9924, stack(0x0000000016570000,0x0000000016670000)]
  0x000000000145e000 JavaThread "main" [_thread_in_native_trans, id=7252, stack(0x0000000002c70000,0x0000000002d70000)]

Other Threads:
  0x00000000153e7000 VMThread [stack: 0x0000000016470000,0x0000000016570000] [id=5032]
  0x0000000016dc2000 WatcherThread [stack: 0x0000000017270000,0x0000000017370000] [id=10804]

VM state:not at safepoint (normal execution)

VM Mutex/Monitor currently owned by a thread: None

heap address: 0x00000000c3800000, size: 968 MB, Compressed Oops mode: 32-bit
Narrow klass base: 0x0000000000000000, Narrow klass shift: 3
Compressed class space size: 1073741824 Address: 0x0000000100000000

Heap:
 PSYoungGen      total 18432K, used 10469K [0x00000000ebd80000, 0x00000000ed200000, 0x0000000100000000)
  eden space 15872K, 49% used [0x00000000ebd80000,0x00000000ec53d568,0x00000000ecd00000)
  from space 2560K, 99% used [0x00000000ecf80000,0x00000000ed1fc010,0x00000000ed200000)
  to   space 2560K, 0% used [0x00000000ecd00000,0x00000000ecd00000,0x00000000ecf80000)
 ParOldGen       total 42496K, used 4487K [0x00000000c3800000, 0x00000000c6180000, 0x00000000ebd80000)
  object space 42496K, 10% used [0x00000000c3800000,0x00000000c3c61dc0,0x00000000c6180000)
 Metaspace       used 12274K, capacity 12480K, committed 12672K, reserved 1060864K
  class space    used 1565K, capacity 1640K, committed 1664K, reserved 1048576K

Card table byte_map: [0x0000000012310000,0x0000000012500000] byte_map_base: 0x0000000011cf4000

Marking Bits: (ParMarkBitMap*) 0x00000000611f6d90
 Begin Bits: [0x0000000012a50000, 0x0000000013970000)
 End Bits:   [0x0000000013970000, 0x0000000014890000)

Polling page: 0x0000000000f80000

CodeCache: size=245760Kb used=4853Kb max_used=4853Kb free=240907Kb
 bounds [0x0000000002f50000, 0x0000000003420000, 0x0000000011f50000]
 total_blobs=1676 nmethods=1356 adapters=232
 compilation: enabled

Compilation events (10 events):
Event: 2.168 Thread 0x0000000015430000 1352       1       org.eclipse.sisu.space.WildcardKey::get (5 bytes)
Event: 2.168 Thread 0x0000000015430000 nmethod 1352 0x000000000340ca50 code [0x000000000340cba0, 0x000000000340ccb0]
Event: 2.168 Thread 0x0000000015430000 1353       1       com.google.inject.Key$AnnotationInstanceStrategy::getAnnotation (5 bytes)
Event: 2.169 Thread 0x0000000015430000 nmethod 1353 0x000000000340cd10 code [0x000000000340ce60, 0x000000000340cf70]
Event: 2.169 Thread 0x0000000015430000 1354       3       org.eclipse.sisu.inject.Guice4::getProviderInstance (22 bytes)
Event: 2.169 Thread 0x0000000015430000 nmethod 1354 0x000000000340cfd0 code [0x000000000340d140, 0x000000000340d2f0]
Event: 2.170 Thread 0x0000000015430000 1355       3       org.eclipse.sisu.space.AbstractDeferredClass::getImplementationClass (2 bytes)
Event: 2.170 Thread 0x0000000015430000 nmethod 1355 0x000000000340d3d0 code [0x000000000340d520, 0x000000000340d670]
Event: 2.175 Thread 0x0000000015430000 1356       3       java.util.Properties::loadConvert (505 bytes)
Event: 2.176 Thread 0x0000000015430000 nmethod 1356 0x000000000340d710 code [0x000000000340d900, 0x000000000340e218]

GC Heap History (8 events):
Event: 0.770 GC heap before
{Heap before GC invocations=1 (full 0):
 PSYoungGen      total 18432K, used 15872K [0x00000000ebd80000, 0x00000000ed200000, 0x0000000100000000)
  eden space 15872K, 100% used [0x00000000ebd80000,0x00000000ecd00000,0x00000000ecd00000)
  from space 2560K, 0% used [0x00000000ecf80000,0x00000000ecf80000,0x00000000ed200000)
  to   space 2560K, 0% used [0x00000000ecd00000,0x00000000ecd00000,0x00000000ecf80000)
 ParOldGen       total 42496K, used 0K [0x00000000c3800000, 0x00000000c6180000, 0x00000000ebd80000)
  object space 42496K, 0% used [0x00000000c3800000,0x00000000c3800000,0x00000000c6180000)
 Metaspace       used 6366K, capacity 6604K, committed 6784K, reserved 1056768K
  class space    used 761K, capacity 824K, committed 896K, reserved 1048576K
Event: 0.778 GC heap after
Heap after GC invocations=1 (full 0):
 PSYoungGen      total 18432K, used 2557K [0x00000000ebd80000, 0x00000000ed200000, 0x0000000100000000)
  eden space 15872K, 0% used [0x00000000ebd80000,0x00000000ebd80000,0x00000000ecd00000)
  from space 2560K, 99% used [0x00000000ecd00000,0x00000000ecf7f420,0x00000000ecf80000)
  to   space 2560K, 0% used [0x00000000ecf80000,0x00000000ecf80000,0x00000000ed200000)
 ParOldGen       total 42496K, used 571K [0x00000000c3800000, 0x00000000c6180000, 0x00000000ebd80000)
  object space 42496K, 1% used [0x00000000c3800000,0x00000000c388eda8,0x00000000c6180000)
 Metaspace       used 6366K, capacity 6604K, committed 6784K, reserved 1056768K
  class space    used 761K, capacity 824K, committed 896K, reserved 1048576K
}
Event: 1.154 GC heap before
{Heap before GC invocations=2 (full 0):
 PSYoungGen      total 18432K, used 18429K [0x00000000ebd80000, 0x00000000ed200000, 0x0000000100000000)
  eden space 15872K, 100% used [0x00000000ebd80000,0x00000000ecd00000,0x00000000ecd00000)
  from space 2560K, 99% used [0x00000000ecd00000,0x00000000ecf7f420,0x00000000ecf80000)
  to   space 2560K, 0% used [0x00000000ecf80000,0x00000000ecf80000,0x00000000ed200000)
 ParOldGen       total 42496K, used 571K [0x00000000c3800000, 0x00000000c6180000, 0x00000000ebd80000)
  object space 42496K, 1% used [0x00000000c3800000,0x00000000c388eda8,0x00000000c6180000)
 Metaspace       used 7532K, capacity 7644K, committed 7680K, reserved 1056768K
  class space    used 959K, capacity 1016K, committed 1024K, reserved 1048576K
Event: 1.160 GC heap after
Heap after GC invocations=2 (full 0):
 PSYoungGen      total 18432K, used 2540K [0x00000000ebd80000, 0x00000000ed200000, 0x0000000100000000)
  eden space 15872K, 0% used [0x00000000ebd80000,0x00000000ebd80000,0x00000000ecd00000)
  from space 2560K, 99% used [0x00000000ecf80000,0x00000000ed1fb1b0,0x00000000ed200000)
  to   space 2560K, 0% used [0x00000000ecd00000,0x00000000ecd00000,0x00000000ecf80000)
 ParOldGen       total 42496K, used 632K [0x00000000c3800000, 0x00000000c6180000, 0x00000000ebd80000)
  object space 42496K, 1% used [0x00000000c3800000,0x00000000c389e3a8,0x00000000c6180000)
 Metaspace       used 7532K, capacity 7644K, committed 7680K, reserved 1056768K
  class space    used 959K, capacity 1016K, committed 1024K, reserved 1048576K
}
Event: 1.515 GC heap before
{Heap before GC invocations=3 (full 0):
 PSYoungGen      total 18432K, used 18412K [0x00000000ebd80000, 0x00000000ed200000, 0x0000000100000000)
  eden space 15872K, 100% used [0x00000000ebd80000,0x00000000ecd00000,0x00000000ecd00000)
  from space 2560K, 99% used [0x00000000ecf80000,0x00000000ed1fb1b0,0x00000000ed200000)
  to   space 2560K, 0% used [0x00000000ecd00000,0x00000000ecd00000,0x00000000ecf80000)
 ParOldGen       total 42496K, used 632K [0x00000000c3800000, 0x00000000c6180000, 0x00000000ebd80000)
  object space 42496K, 1% used [0x00000000c3800000,0x00000000c389e3a8,0x00000000c6180000)
 Metaspace       used 9323K, capacity 9464K, committed 9728K, reserved 1058816K
  class space    used 1165K, capacity 1217K, committed 1280K, reserved 1048576K
Event: 1.521 GC heap after
Heap after GC invocations=3 (full 0):
 PSYoungGen      total 18432K, used 2551K [0x00000000ebd80000, 0x00000000ed200000, 0x0000000100000000)
  eden space 15872K, 0% used [0x00000000ebd80000,0x00000000ebd80000,0x00000000ecd00000)
  from space 2560K, 99% used [0x00000000ecd00000,0x00000000ecf7ddd8,0x00000000ecf80000)
  to   space 2560K, 0% used [0x00000000ecf80000,0x00000000ecf80000,0x00000000ed200000)
 ParOldGen       total 42496K, used 2205K [0x00000000c3800000, 0x00000000c6180000, 0x00000000ebd80000)
  object space 42496K, 5% used [0x00000000c3800000,0x00000000c3a274b0,0x00000000c6180000)
 Metaspace       used 9323K, capacity 9464K, committed 9728K, reserved 1058816K
  class space    used 1165K, capacity 1217K, committed 1280K, reserved 1048576K
}
Event: 1.905 GC heap before
{Heap before GC invocations=4 (full 0):
 PSYoungGen      total 18432K, used 18423K [0x00000000ebd80000, 0x00000000ed200000, 0x0000000100000000)
  eden space 15872K, 100% used [0x00000000ebd80000,0x00000000ecd00000,0x00000000ecd00000)
  from space 2560K, 99% used [0x00000000ecd00000,0x00000000ecf7ddd8,0x00000000ecf80000)
  to   space 2560K, 0% used [0x00000000ecf80000,0x00000000ecf80000,0x00000000ed200000)
 ParOldGen       total 42496K, used 2205K [0x00000000c3800000, 0x00000000c6180000, 0x00000000ebd80000)
  object space 42496K, 5% used [0x00000000c3800000,0x00000000c3a274b0,0x00000000c6180000)
 Metaspace       used 11278K, capacity 11432K, committed 11520K, reserved 1058816K
  class space    used 1435K, capacity 1508K, committed 1536K, reserved 1048576K
Event: 1.915 GC heap after
Heap after GC invocations=4 (full 0):
 PSYoungGen      total 18432K, used 2544K [0x00000000ebd80000, 0x00000000ed200000, 0x0000000100000000)
  eden space 15872K, 0% used [0x00000000ebd80000,0x00000000ebd80000,0x00000000ecd00000)
  from space 2560K, 99% used [0x00000000ecf80000,0x00000000ed1fc010,0x00000000ed200000)
  to   space 2560K, 0% used [0x00000000ecd00000,0x00000000ecd00000,0x00000000ecf80000)
 ParOldGen       total 42496K, used 4487K [0x00000000c3800000, 0x00000000c6180000, 0x00000000ebd80000)
  object space 42496K, 10% used [0x00000000c3800000,0x00000000c3c61dc0,0x00000000c6180000)
 Metaspace       used 11278K, capacity 11432K, committed 11520K, reserved 1058816K
  class space    used 1435K, capacity 1508K, committed 1536K, reserved 1048576K
}

Deoptimization events (10 events):
Event: 0.443 Thread 0x000000000145e000 Uncommon trap: reason=unstable_if action=reinterpret pc=0x0000000003108fe4 method=org.codehaus.plexus.util.xml.pull.MXParser.more()C @ 8
Event: 0.648 Thread 0x000000000145e000 Uncommon trap: reason=unstable_if action=reinterpret pc=0x00000000030c1c74 method=java.lang.String.indexOf([CII[CIII)I @ 3
Event: 0.881 Thread 0x000000000145e000 Uncommon trap: reason=range_check action=make_not_entrant pc=0x00000000031a8d60 method=sun.reflect.generics.parser.SignatureParser.current()C @ 34
Event: 1.019 Thread 0x000000000145e000 Uncommon trap: reason=unstable_if action=reinterpret pc=0x00000000031ff714 method=java.nio.charset.CoderResult.isOverflow()Z @ 5
Event: 1.060 Thread 0x000000000145e000 Uncommon trap: reason=unstable_if action=reinterpret pc=0x000000000320f868 method=sun.nio.cs.StreamDecoder.implRead([CII)I @ 71
Event: 1.095 Thread 0x000000000145e000 Uncommon trap: reason=unstable_if action=reinterpret pc=0x0000000003207528 method=sun.nio.cs.StreamDecoder.implRead([CII)I @ 197
Event: 1.095 Thread 0x000000000145e000 Uncommon trap: reason=unstable_if action=reinterpret pc=0x000000000320a6c8 method=java.io.Reader.read()I @ 12
Event: 1.109 Thread 0x000000000145e000 Uncommon trap: reason=unstable_if action=reinterpret pc=0x0000000003215e08 method=java.io.Reader.read()I @ 12
Event: 1.133 Thread 0x000000000145e000 Uncommon trap: reason=unstable_if action=reinterpret pc=0x000000000322fc70 method=org.codehaus.plexus.util.xml.pull.MXParser.nextImpl()I @ 241
Event: 1.302 Thread 0x000000000145e000 Uncommon trap: reason=unstable_if action=reinterpret pc=0x0000000003238400 method=java.util.HashMap.getNode(ILjava/lang/Object;)Ljava/util/HashMap$Node; @ 129

Classes redefined (0 events):
No events

Internal exceptions (10 events):
Event: 0.881 Thread 0x000000000145e000 Exception <a 'java/lang/ArrayIndexOutOfBoundsException': 111> (0x00000000ec1c4000) thrown at [C:\re\workspace\8-2-build-windows-amd64-cygwin\jdk8u231\13620\hotspot\src\share\vm\interpreter\interpreterRuntime.cpp, line 368]
Event: 0.881 Thread 0x000000000145e000 Exception <a 'java/lang/ArrayIndexOutOfBoundsException': 113> (0x00000000ec1c5d20) thrown at [C:\re\workspace\8-2-build-windows-amd64-cygwin\jdk8u231\13620\hotspot\src\share\vm\interpreter\interpreterRuntime.cpp, line 368]
Event: 0.881 Thread 0x000000000145e000 Exception <a 'java/lang/ArrayIndexOutOfBoundsException': 71> (0x00000000ec1c7278) thrown at [C:\re\workspace\8-2-build-windows-amd64-cygwin\jdk8u231\13620\hotspot\src\share\vm\interpreter\interpreterRuntime.cpp, line 368]
Event: 1.183 Thread 0x000000000145e000 Exception <a 'java/lang/ArrayIndexOutOfBoundsException'> (0x00000000ebee7d50) thrown at [C:\re\workspace\8-2-build-windows-amd64-cygwin\jdk8u231\13620\hotspot\src\share\vm\runtime\sharedRuntime.cpp, line 605]
Event: 1.183 Thread 0x000000000145e000 Exception <a 'java/lang/ArrayIndexOutOfBoundsException'> (0x00000000ebee96f8) thrown at [C:\re\workspace\8-2-build-windows-amd64-cygwin\jdk8u231\13620\hotspot\src\share\vm\runtime\sharedRuntime.cpp, line 605]
Event: 1.245 Thread 0x000000000145e000 Exception <a 'java/lang/ArrayIndexOutOfBoundsException'> (0x00000000ec099970) thrown at [C:\re\workspace\8-2-build-windows-amd64-cygwin\jdk8u231\13620\hotspot\src\share\vm\runtime\sharedRuntime.cpp, line 605]
Event: 1.255 Thread 0x000000000145e000 Exception <a 'java/lang/ArrayIndexOutOfBoundsException'> (0x00000000ec0fc7f0) thrown at [C:\re\workspace\8-2-build-windows-amd64-cygwin\jdk8u231\13620\hotspot\src\share\vm\runtime\sharedRuntime.cpp, line 605]
Event: 2.065 Thread 0x000000000145e000 Exception <a 'java/lang/NoClassDefFoundError': com/google/inject/servlet/ServletModuleTargetVisitor> (0x00000000ec2e0ff0) thrown at [C:\re\workspace\8-2-build-windows-amd64-cygwin\jdk8u231\13620\hotspot\src\share\vm\classfile\systemDictionary.cpp, line 19
Event: 2.065 Thread 0x000000000145e000 Exception <a 'java/lang/NoClassDefFoundError'> (0x00000000ec2e0ff0) thrown at [C:\re\workspace\8-2-build-windows-amd64-cygwin\jdk8u231\13620\hotspot\src\share\vm\prims\jvm.cpp, line 1506]
Event: 2.065 Thread 0x000000000145e000 Exception <a 'java/lang/NoClassDefFoundError': javax/annotation/Priority> (0x00000000ec2e7bc8) thrown at [C:\re\workspace\8-2-build-windows-amd64-cygwin\jdk8u231\13620\hotspot\src\share\vm\classfile\systemDictionary.cpp, line 199]

Events (10 events):
Event: 2.184 loading class sun/misc/FloatingDecimal$BinaryToASCIIBuffer
Event: 2.184 loading class sun/misc/FloatingDecimal$BinaryToASCIIBuffer done
Event: 2.184 loading class sun/misc/FloatingDecimal$1
Event: 2.184 loading class sun/misc/FloatingDecimal$1 done
Event: 2.184 loading class sun/misc/FloatingDecimal$PreparedASCIIToBinaryBuffer
Event: 2.184 loading class sun/misc/FloatingDecimal$ASCIIToBinaryConverter
Event: 2.184 loading class sun/misc/FloatingDecimal$ASCIIToBinaryConverter done
Event: 2.184 loading class sun/misc/FloatingDecimal$PreparedASCIIToBinaryBuffer done
Event: 2.184 loading class sun/misc/FDBigInteger
Event: 2.185 loading class sun/misc/FDBigInteger done


Dynamic libraries:
0x00007ff60a2d0000 - 0x00007ff60a307000 	C:\Program Files\Java\jre1.8.0_231\bin\javaw.exe
0x00007fff45d00000 - 0x00007fff45ef0000 	C:\WINDOWS\SYSTEM32\ntdll.dll
0x00007fff45510000 - 0x00007fff455c2000 	C:\WINDOWS\System32\KERNEL32.DLL
0x00007fff43b00000 - 0x00007fff43da4000 	C:\WINDOWS\System32\KERNELBASE.dll
0x00007fff44890000 - 0x00007fff44933000 	C:\WINDOWS\System32\ADVAPI32.dll
0x00007fff440f0000 - 0x00007fff4418e000 	C:\WINDOWS\System32\msvcrt.dll
0x00007fff44630000 - 0x00007fff446c7000 	C:\WINDOWS\System32\sechost.dll
0x00007fff44a20000 - 0x00007fff44b40000 	C:\WINDOWS\System32\RPCRT4.dll
0x00007fff44df0000 - 0x00007fff44f84000 	C:\WINDOWS\System32\USER32.dll
0x00007fff43a00000 - 0x00007fff43a21000 	C:\WINDOWS\System32\win32u.dll
0x00007fff44600000 - 0x00007fff44626000 	C:\WINDOWS\System32\GDI32.dll
0x00007fff42c90000 - 0x00007fff42e25000 	C:\WINDOWS\System32\gdi32full.dll
0x00007fff43080000 - 0x00007fff4311e000 	C:\WINDOWS\System32\msvcp_win.dll
0x00007fff42f80000 - 0x00007fff4307a000 	C:\WINDOWS\System32\ucrtbase.dll
0x00007fff32850000 - 0x00007fff32ad4000 	C:\WINDOWS\WinSxS\amd64_microsoft.windows.common-controls_6595b64144ccf1df_6.0.18362.900_none_e6beb9d913147d17\COMCTL32.dll
0x00007fff43db0000 - 0x00007fff440e5000 	C:\WINDOWS\System32\combase.dll
0x00007fff43200000 - 0x00007fff43280000 	C:\WINDOWS\System32\bcryptPrimitives.dll
0x00007fff45470000 - 0x00007fff4549e000 	C:\WINDOWS\System32\IMM32.DLL
0x0000000060810000 - 0x00000000608e2000 	C:\Program Files\Java\jre1.8.0_231\bin\msvcr100.dll
0x00000000609d0000 - 0x0000000061276000 	C:\Program Files\Java\jre1.8.0_231\bin\server\jvm.dll
0x00007fff44c00000 - 0x00007fff44c08000 	C:\WINDOWS\System32\PSAPI.DLL
0x00007fff38a10000 - 0x00007fff38a1a000 	C:\WINDOWS\SYSTEM32\VERSION.dll
0x00007fff2d5b0000 - 0x00007fff2d5b9000 	C:\WINDOWS\SYSTEM32\WSOCK32.dll
0x00007fff3eab0000 - 0x00007fff3ead4000 	C:\WINDOWS\SYSTEM32\WINMM.dll
0x00007fff44f90000 - 0x00007fff44fff000 	C:\WINDOWS\System32\WS2_32.dll
0x00007fff3ea80000 - 0x00007fff3eaad000 	C:\WINDOWS\SYSTEM32\winmmbase.dll
0x00007fff43120000 - 0x00007fff4316a000 	C:\WINDOWS\System32\cfgmgr32.dll
0x00007fff40170000 - 0x00007fff4017f000 	C:\Program Files\Java\jre1.8.0_231\bin\verify.dll
0x00007fff3ef00000 - 0x00007fff3ef29000 	C:\Program Files\Java\jre1.8.0_231\bin\java.dll
0x00007fff3acc0000 - 0x00007fff3acd6000 	C:\Program Files\Java\jre1.8.0_231\bin\zip.dll
0x00007fff455d0000 - 0x00007fff45cb6000 	C:\WINDOWS\System32\SHELL32.dll
0x00007fff44b50000 - 0x00007fff44bf9000 	C:\WINDOWS\System32\shcore.dll
0x00007fff43280000 - 0x00007fff43a00000 	C:\WINDOWS\System32\windows.storage.dll
0x00007fff42c40000 - 0x00007fff42c63000 	C:\WINDOWS\System32\profapi.dll
0x00007fff42bf0000 - 0x00007fff42c3a000 	C:\WINDOWS\System32\powrprof.dll
0x00007fff42bc0000 - 0x00007fff42bd0000 	C:\WINDOWS\System32\UMPDC.dll
0x00007fff44c10000 - 0x00007fff44c62000 	C:\WINDOWS\System32\shlwapi.dll
0x00007fff42c70000 - 0x00007fff42c81000 	C:\WINDOWS\System32\kernel.appcore.dll
0x00007fff43ae0000 - 0x00007fff43af7000 	C:\WINDOWS\System32\cryptsp.dll

VM Arguments:
jvm_args: -Dmaven.home=EMBEDDED -Dclassworlds.conf=C:\Users\Kajal\Documents\.metadata\.plugins\org.eclipse.m2e.launching\launches\m2conf123614913212614636.tmp -Dmaven.multiModuleProjectDirectory=C:\Users\Kajal\Documents\docker-jenkins-integration-sample -Dfile.encoding=Cp1252 
java_command: org.codehaus.plexus.classworlds.launcher.Launcher -B
java_class_path (initial): /C:/Users/Kajal/Desktop/eclipse/plugins/org.eclipse.m2e.maven.runtime_1.6.0.20150526-2031/jars/plexus-classworlds-2.5.2.jar
Launcher Type: SUN_STANDARD

Environment Variables:
PATH=C:/Program Files/Java/jre1.8.0_231/bin/server;C:/Program Files/Java/jre1.8.0_231/bin;C:/Program Files/Java/jre1.8.0_231/lib/amd64;C:\Program Files (x86)\Common Files\Oracle\Java\javapath;C:\ProgramData\Oracle\Java\javapath;C:\WINDOWS\system32;C:\WINDOWS;C:\WINDOWS\System32\Wbem;C:\WINDOWS\System32\WindowsPowerShell\v1.0\;C:\Program Files\Java\jdk1.8.0_144\bin;C:\WINDOWS\System32\OpenSSH\;C:\Users\Kajal\AppData\Local\Programs\Python\Python37-32;C:\Users\Kajal\AppData\Local\Programs\Python\Python37-32\Scripts;C:\Go\bin;C:\Program Files\Docker\Docker\resources\bin;C:\ProgramData\DockerDesktop\version-bin;C:\Users\Kajal\go\src\github.com\Git\cmd;C:\Python\Python38\Scripts\;C:\Python\Python38\;C:\Users\Kajal\AppData\Local\Microsoft\WindowsApps;;C:\Users\Kajal\AppData\Local\Programs\Microsoft VS Code\bin;C:\Users\Kajal\go\bin;C:\Program Files\heroku\bin;C:\Users\Kajal\Desktop;
USERNAME=Kajal
OS=Windows_NT
PROCESSOR_IDENTIFIER=Intel64 Family 6 Model 78 Stepping 3, GenuineIntel



---------------  S Y S T E M  ---------------

OS: Windows 10.0 , 64 bit Build 18362 (10.0.18362.900)

CPU:total 4 (initial active 4) (2 cores per cpu, 2 threads per core) family 6 model 78 stepping 3, cmov, cx8, fxsr, mmx, sse, sse2, sse3, ssse3, sse4.1, sse4.2, popcnt, avx, avx2, aes, clmul, erms, 3dnowpref, lzcnt, ht, tsc, tscinvbit, bmi1, bmi2, adx

Memory: 4k page, physical 3964052k(369408k free), swap 5376148k(5672k free)

vm_info: Java HotSpot(TM) 64-Bit Server VM (25.231-b11) for windows-amd64 JRE (1.8.0_231-b11), built on Oct  5 2019 03:11:30 by "java_re" with MS VC++ 10.0 (VS2010)

time: Thu Jun 25 21:19:09 2020
timezone: India Standard Time
elapsed time: 2 seconds (0d 0h 0m 2s)

